0 info it worked if it ends with ok
1 verbose cli [ '/home/ubuntu/.nvm/v0.10.35/bin/node',
1 verbose cli   '/home/ubuntu/.nvm/v0.10.35/bin/npm',
1 verbose cli   'install' ]
2 info using npm@1.4.28
3 info using node@v0.10.35
4 verbose readDependencies using package.json deps
5 verbose install where, deps [ '/home/ubuntu/workspace',
5 verbose install   [ 'casperjs', 'phantomjs', 'express', 'mongodb' ] ]
6 info preinstall ero-spider@0.0.1
7 verbose readDependencies using package.json deps
8 verbose cache add [ 'mongodb@2.4.9', null ]
9 verbose cache add name=undefined spec="mongodb@2.4.9" args=["mongodb@2.4.9",null]
10 verbose parsed url { protocol: null,
10 verbose parsed url   slashes: null,
10 verbose parsed url   auth: null,
10 verbose parsed url   host: null,
10 verbose parsed url   port: null,
10 verbose parsed url   hostname: null,
10 verbose parsed url   hash: null,
10 verbose parsed url   search: null,
10 verbose parsed url   query: null,
10 verbose parsed url   pathname: 'mongodb@2.4.9',
10 verbose parsed url   path: 'mongodb@2.4.9',
10 verbose parsed url   href: 'mongodb@2.4.9' }
11 verbose cache add [ 'casperjs@latest', null ]
12 verbose cache add name=undefined spec="casperjs@latest" args=["casperjs@latest",null]
13 verbose parsed url { protocol: null,
13 verbose parsed url   slashes: null,
13 verbose parsed url   auth: null,
13 verbose parsed url   host: null,
13 verbose parsed url   port: null,
13 verbose parsed url   hostname: null,
13 verbose parsed url   hash: null,
13 verbose parsed url   search: null,
13 verbose parsed url   query: null,
13 verbose parsed url   pathname: 'casperjs@latest',
13 verbose parsed url   path: 'casperjs@latest',
13 verbose parsed url   href: 'casperjs@latest' }
14 verbose already installed skipping phantomjs@1.9.16 /home/ubuntu/workspace
15 verbose cache add name="mongodb" spec="2.4.9" args=["mongodb","2.4.9"]
16 verbose parsed url { protocol: null,
16 verbose parsed url   slashes: null,
16 verbose parsed url   auth: null,
16 verbose parsed url   host: null,
16 verbose parsed url   port: null,
16 verbose parsed url   hostname: null,
16 verbose parsed url   hash: null,
16 verbose parsed url   search: null,
16 verbose parsed url   query: null,
16 verbose parsed url   pathname: '2.4.9',
16 verbose parsed url   path: '2.4.9',
16 verbose parsed url   href: '2.4.9' }
17 verbose addNamed [ 'mongodb', '2.4.9' ]
18 verbose addNamed [ '2.4.9', '2.4.9' ]
19 verbose cache add name="casperjs" spec="latest" args=["casperjs","latest"]
20 verbose parsed url { protocol: null,
20 verbose parsed url   slashes: null,
20 verbose parsed url   auth: null,
20 verbose parsed url   host: null,
20 verbose parsed url   port: null,
20 verbose parsed url   hostname: null,
20 verbose parsed url   hash: null,
20 verbose parsed url   search: null,
20 verbose parsed url   query: null,
20 verbose parsed url   pathname: 'latest',
20 verbose parsed url   path: 'latest',
20 verbose parsed url   href: 'latest' }
21 verbose addNamed [ 'casperjs', 'latest' ]
22 verbose addNamed [ null, null ]
23 silly lockFile 1224ee59-mongodb-2-4-9 mongodb@2.4.9
24 verbose lock mongodb@2.4.9 /home/ubuntu/.npm/1224ee59-mongodb-2-4-9.lock
25 silly lockFile 8b9a3c4a-casperjs-latest casperjs@latest
26 verbose lock casperjs@latest /home/ubuntu/.npm/8b9a3c4a-casperjs-latest.lock
27 verbose cache add [ 'express@3.x', null ]
28 verbose cache add name=undefined spec="express@3.x" args=["express@3.x",null]
29 verbose parsed url { protocol: null,
29 verbose parsed url   slashes: null,
29 verbose parsed url   auth: null,
29 verbose parsed url   host: null,
29 verbose parsed url   port: null,
29 verbose parsed url   hostname: null,
29 verbose parsed url   hash: null,
29 verbose parsed url   search: null,
29 verbose parsed url   query: null,
29 verbose parsed url   pathname: 'express@3.x',
29 verbose parsed url   path: 'express@3.x',
29 verbose parsed url   href: 'express@3.x' }
30 verbose cache add name="express" spec="3.x" args=["express","3.x"]
31 verbose parsed url { protocol: null,
31 verbose parsed url   slashes: null,
31 verbose parsed url   auth: null,
31 verbose parsed url   host: null,
31 verbose parsed url   port: null,
31 verbose parsed url   hostname: null,
31 verbose parsed url   hash: null,
31 verbose parsed url   search: null,
31 verbose parsed url   query: null,
31 verbose parsed url   pathname: '3.x',
31 verbose parsed url   path: '3.x',
31 verbose parsed url   href: '3.x' }
32 verbose addNamed [ 'express', '3.x' ]
33 verbose addNamed [ null, '>=3.0.0-0 <4.0.0-0' ]
34 silly lockFile 3a341b85-express-3-x express@3.x
35 verbose lock express@3.x /home/ubuntu/.npm/3a341b85-express-3-x.lock
36 info addNameTag [ 'casperjs', 'latest' ]
37 silly addNameRange { name: 'express', range: '>=3.0.0-0 <4.0.0-0', hasData: false }
38 verbose request where is /casperjs
39 verbose request registry https://registry.npmjs.org/
40 verbose request id 91076fcd42032615
41 verbose url raw /casperjs
42 verbose url resolving [ 'https://registry.npmjs.org/', './casperjs' ]
43 verbose url resolved https://registry.npmjs.org/casperjs
44 verbose request where is https://registry.npmjs.org/casperjs
45 info trying registry request attempt 1 at 14:39:56
46 verbose etag "BLW3MQ9H4KPD376R4ZUGFY2TP"
47 http GET https://registry.npmjs.org/casperjs
48 verbose request where is /mongodb
49 verbose request registry https://registry.npmjs.org/
50 verbose url raw /mongodb
51 verbose url resolving [ 'https://registry.npmjs.org/', './mongodb' ]
52 verbose url resolved https://registry.npmjs.org/mongodb
53 verbose request where is https://registry.npmjs.org/mongodb
54 info trying registry request attempt 1 at 14:39:56
55 verbose etag "5QMB8BTWOTMHFCWJQ9BC84X2J"
56 http GET https://registry.npmjs.org/mongodb
57 verbose request where is /express
58 verbose request registry https://registry.npmjs.org/
59 verbose url raw /express
60 verbose url resolving [ 'https://registry.npmjs.org/', './express' ]
61 verbose url resolved https://registry.npmjs.org/express
62 verbose request where is https://registry.npmjs.org/express
63 info trying registry request attempt 1 at 14:39:56
64 verbose etag "46YG8DINTCOTDHF0R74YPA8BQ"
65 http GET https://registry.npmjs.org/express
66 http 304 https://registry.npmjs.org/casperjs
67 silly registry.get cb [ 304,
67 silly registry.get   { date: 'Sun, 23 Aug 2015 14:39:56 GMT',
67 silly registry.get     via: '1.1 varnish',
67 silly registry.get     'cache-control': 'max-age=60',
67 silly registry.get     etag: '"BLW3MQ9H4KPD376R4ZUGFY2TP"',
67 silly registry.get     age: '41',
67 silly registry.get     connection: 'keep-alive',
67 silly registry.get     'x-served-by': 'cache-hkg6824-HKG',
67 silly registry.get     'x-cache': 'HIT',
67 silly registry.get     'x-cache-hits': '1',
67 silly registry.get     'x-timer': 'S1440340796.535748,VS0,VE0',
67 silly registry.get     vary: 'Accept' } ]
68 verbose etag https://registry.npmjs.org/casperjs from cache
69 verbose addNamed [ 'casperjs', '1.1.0-beta3' ]
70 verbose addNamed [ '1.1.0-beta3', '1.1.0-beta3' ]
71 silly lockFile 679a3ce2-casperjs-1-1-0-beta3 casperjs@1.1.0-beta3
72 verbose lock casperjs@1.1.0-beta3 /home/ubuntu/.npm/679a3ce2-casperjs-1-1-0-beta3.lock
73 silly lockFile 679a3ce2-casperjs-1-1-0-beta3 casperjs@1.1.0-beta3
74 silly lockFile 679a3ce2-casperjs-1-1-0-beta3 casperjs@1.1.0-beta3
75 silly lockFile 8b9a3c4a-casperjs-latest casperjs@latest
76 silly lockFile 8b9a3c4a-casperjs-latest casperjs@latest
77 info already installed casperjs@1.1.0-beta3
78 http 304 https://registry.npmjs.org/mongodb
79 silly registry.get cb [ 304,
79 silly registry.get   { date: 'Sun, 23 Aug 2015 14:39:56 GMT',
79 silly registry.get     via: '1.1 varnish',
79 silly registry.get     'cache-control': 'max-age=60',
79 silly registry.get     etag: '"5QMB8BTWOTMHFCWJQ9BC84X2J"',
79 silly registry.get     age: '41',
79 silly registry.get     connection: 'keep-alive',
79 silly registry.get     'x-served-by': 'cache-hkg6822-HKG',
79 silly registry.get     'x-cache': 'HIT',
79 silly registry.get     'x-cache-hits': '1',
79 silly registry.get     'x-timer': 'S1440340796.550585,VS0,VE2',
79 silly registry.get     vary: 'Accept' } ]
80 verbose etag https://registry.npmjs.org/mongodb from cache
81 silly lockFile 1224ee59-mongodb-2-4-9 mongodb@2.4.9
82 silly lockFile 1224ee59-mongodb-2-4-9 mongodb@2.4.9
83 http 304 https://registry.npmjs.org/express
84 silly registry.get cb [ 304,
84 silly registry.get   { date: 'Sun, 23 Aug 2015 14:39:56 GMT',
84 silly registry.get     via: '1.1 varnish',
84 silly registry.get     'cache-control': 'max-age=60',
84 silly registry.get     etag: '"46YG8DINTCOTDHF0R74YPA8BQ"',
84 silly registry.get     age: '0',
84 silly registry.get     connection: 'keep-alive',
84 silly registry.get     'x-served-by': 'cache-hkg6825-HKG',
84 silly registry.get     'x-cache': 'HIT',
84 silly registry.get     'x-cache-hits': '1',
84 silly registry.get     'x-timer': 'S1440340796.536481,VS0,VE230',
84 silly registry.get     vary: 'Accept' } ]
85 verbose etag https://registry.npmjs.org/express from cache
86 silly addNameRange number 2 { name: 'express', range: '>=3.0.0-0 <4.0.0-0', hasData: true }
87 silly addNameRange versions [ 'express',
87 silly addNameRange   [ '0.14.0',
87 silly addNameRange     '0.14.1',
87 silly addNameRange     '1.0.0',
87 silly addNameRange     '1.0.1',
87 silly addNameRange     '1.0.2',
87 silly addNameRange     '1.0.3',
87 silly addNameRange     '1.0.4',
87 silly addNameRange     '1.0.5',
87 silly addNameRange     '1.0.6',
87 silly addNameRange     '1.0.7',
87 silly addNameRange     '1.0.8',
87 silly addNameRange     '2.0.0',
87 silly addNameRange     '2.1.0',
87 silly addNameRange     '2.1.1',
87 silly addNameRange     '2.2.0',
87 silly addNameRange     '2.2.1',
87 silly addNameRange     '2.2.2',
87 silly addNameRange     '2.3.0',
87 silly addNameRange     '2.3.1',
87 silly addNameRange     '2.3.2',
87 silly addNameRange     '2.3.3',
87 silly addNameRange     '2.3.4',
87 silly addNameRange     '2.3.5',
87 silly addNameRange     '2.3.6',
87 silly addNameRange     '2.3.7',
87 silly addNameRange     '2.3.8',
87 silly addNameRange     '2.3.9',
87 silly addNameRange     '2.3.10',
87 silly addNameRange     '2.3.11',
87 silly addNameRange     '2.3.12',
87 silly addNameRange     '2.4.0',
87 silly addNameRange     '2.4.1',
87 silly addNameRange     '2.4.2',
87 silly addNameRange     '2.4.3',
87 silly addNameRange     '2.4.4',
87 silly addNameRange     '2.4.5',
87 silly addNameRange     '2.4.6',
87 silly addNameRange     '2.4.7',
87 silly addNameRange     '2.5.0',
87 silly addNameRange     '2.5.1',
87 silly addNameRange     '2.5.2',
87 silly addNameRange     '2.5.3',
87 silly addNameRange     '2.5.4',
87 silly addNameRange     '2.5.5',
87 silly addNameRange     '2.5.6',
87 silly addNameRange     '2.5.7',
87 silly addNameRange     '2.5.8',
87 silly addNameRange     '2.5.9',
87 silly addNameRange     '2.5.10',
87 silly addNameRange     '2.5.11',
87 silly addNameRange     '3.0.0',
87 silly addNameRange     '3.0.1',
87 silly addNameRange     '3.0.2',
87 silly addNameRange     '3.0.3',
87 silly addNameRange     '3.0.4',
87 silly addNameRange     '3.0.5',
87 silly addNameRange     '3.0.6',
87 silly addNameRange     '3.1.0',
87 silly addNameRange     '3.1.1',
87 silly addNameRange     '3.1.2',
87 silly addNameRange     '3.2.0',
87 silly addNameRange     '3.2.1',
87 silly addNameRange     '3.2.2',
87 silly addNameRange     '3.2.3',
87 silly addNameRange     '3.2.4',
87 silly addNameRange     '3.2.5',
87 silly addNameRange     '3.2.6',
87 silly addNameRange     '3.3.0',
87 silly addNameRange     '3.3.1',
87 silly addNameRange     '3.3.2',
87 silly addNameRange     '3.3.3',
87 silly addNameRange     '3.3.4',
87 silly addNameRange     '3.3.5',
87 silly addNameRange     '3.3.6',
87 silly addNameRange     '1.0.0-beta',
87 silly addNameRange     '1.0.0-beta2',
87 silly addNameRange     '1.0.0-rc',
87 silly addNameRange     '1.0.0-rc2',
87 silly addNameRange     '1.0.0-rc3',
87 silly addNameRange     '1.0.0-rc4',
87 silly addNameRange     '2.0.0-beta',
87 silly addNameRange     '2.0.0-beta2',
87 silly addNameRange     '2.0.0-beta3',
87 silly addNameRange     '2.0.0-rc',
87 silly addNameRange     '2.0.0-rc2',
87 silly addNameRange     '2.0.0-rc3',
87 silly addNameRange     '3.0.0-alpha1',
87 silly addNameRange     '3.0.0-alpha2',
87 silly addNameRange     '3.0.0-alpha3',
87 silly addNameRange     '3.0.0-alpha4',
87 silly addNameRange     '3.0.0-alpha5',
87 silly addNameRange     '3.0.0-beta1',
87 silly addNameRange     '3.0.0-beta2',
87 silly addNameRange     '3.0.0-beta3',
87 silly addNameRange     '3.0.0-beta4',
87 silly addNameRange     '3.0.0-beta6',
87 silly addNameRange     '3.0.0-beta7',
87 silly addNameRange     '3.0.0-rc1',
87 silly addNameRange     '3.0.0-rc2',
87 silly addNameRange     '3.0.0-rc3',
87 silly addNameRange     '3.0.0-rc4',
87 silly addNameRange     '3.0.0-rc5',
87 silly addNameRange     '3.3.7',
87 silly addNameRange     '3.3.8',
87 silly addNameRange     '3.4.0',
87 silly addNameRange     '3.4.1',
87 silly addNameRange     '3.4.2',
87 silly addNameRange     '3.4.3',
87 silly addNameRange     '3.4.4',
87 silly addNameRange     '3.4.5',
87 silly addNameRange     '3.4.6',
87 silly addNameRange     '3.4.7',
87 silly addNameRange     '3.4.8',
87 silly addNameRange     '4.0.0-rc1',
87 silly addNameRange     '4.0.0-rc2',
87 silly addNameRange     '3.5.0',
87 silly addNameRange     '4.0.0-rc3',
87 silly addNameRange     '4.0.0-rc4',
87 silly addNameRange     '3.5.1',
87 silly addNameRange     '4.0.0',
87 silly addNameRange     '3.5.2',
87 silly addNameRange     '4.1.0',
87 silly addNameRange     '4.1.1',
87 silly addNameRange     '3.5.3',
87 silly addNameRange     '4.1.2',
87 silly addNameRange     '3.6.0',
87 silly addNameRange     '4.2.0',
87 silly addNameRange     '3.7.0',
87 silly addNameRange     '3.8.0',
87 silly addNameRange     '4.3.0',
87 silly addNameRange     '4.3.1',
87 silly addNameRange     '3.8.1',
87 silly addNameRange     '4.3.2',
87 silly addNameRange     '3.9.0',
87 silly addNameRange     '4.4.0',
87 silly addNameRange     '4.4.1',
87 silly addNameRange     '3.10.0',
87 silly addNameRange     '3.10.1',
87 silly addNameRange     '3.10.2',
87 silly addNameRange     '3.10.3',
87 silly addNameRange     '3.10.4',
87 silly addNameRange     '4.4.2',
87 silly addNameRange     '3.10.5',
87 silly addNameRange     '4.4.3',
87 silly addNameRange     '3.11.0',
87 silly addNameRange     '4.4.4',
87 silly addNameRange     '3.12.0',
87 silly addNameRange     '3.12.1',
87 silly addNameRange     '4.4.5',
87 silly addNameRange     '3.13.0',
87 silly addNameRange     '4.5.0',
87 silly addNameRange     '4.5.1',
87 silly addNameRange     '3.14.0',
87 silly addNameRange     '4.6.0',
87 silly addNameRange     '4.6.1',
87 silly addNameRange     '3.15.0',
87 silly addNameRange     '4.7.0',
87 silly addNameRange     '3.15.1',
87 silly addNameRange     '4.7.1',
87 silly addNameRange     '3.15.2',
87 silly addNameRange     '4.7.2',
87 silly addNameRange     '4.7.3',
87 silly addNameRange     '3.15.3',
87 silly addNameRange     '4.7.4',
87 silly addNameRange     '3.16.0',
87 silly addNameRange     '4.8.0',
87 silly addNameRange     '3.16.1',
87 silly addNameRange     '4.8.1',
87 silly addNameRange     '3.16.2',
87 silly addNameRange     '4.8.2',
87 silly addNameRange     '3.16.3',
87 silly addNameRange     '3.16.4',
87 silly addNameRange     '4.8.3',
87 silly addNameRange     '3.16.5',
87 silly addNameRange     '3.16.6',
87 silly addNameRange     '4.8.4',
87 silly addNameRange     '3.16.7',
87 silly addNameRange     '4.8.5',
87 silly addNameRange     '3.16.8',
87 silly addNameRange     '4.8.6',
87 silly addNameRange     '3.16.9',
87 silly addNameRange     '4.8.7',
87 silly addNameRange     '3.16.10',
87 silly addNameRange     '4.8.8',
87 silly addNameRange     '3.17.0',
87 silly addNameRange     '3.17.1',
87 silly addNameRange     '4.9.0',
87 silly addNameRange     '3.17.2',
87 silly addNameRange     '4.9.1',
87 silly addNameRange     '4.9.2',
87 silly addNameRange     '3.17.3',
87 silly addNameRange     '4.9.3',
87 silly addNameRange     '3.17.4',
87 silly addNameRange     '4.9.4',
87 silly addNameRange     '3.17.5',
87 silly addNameRange     '4.9.5',
87 silly addNameRange     '3.17.6',
87 silly addNameRange     '3.17.7',
87 silly addNameRange     '4.9.6',
87 silly addNameRange     '4.9.7',
87 silly addNameRange     '3.17.8',
87 silly addNameRange     '4.9.8',
87 silly addNameRange     '3.18.0',
87 silly addNameRange     '3.18.1',
87 silly addNameRange     '4.10.0',
87 silly addNameRange     '3.18.2',
87 silly addNameRange     '4.10.1',
87 silly addNameRange     '5.0.0-alpha.1',
87 silly addNameRange     '3.18.3',
87 silly addNameRange     '4.10.2',
87 silly addNameRange     '3.18.4',
87 silly addNameRange     '4.10.3',
87 silly addNameRange     '4.10.4',
87 silly addNameRange     '4.10.5',
87 silly addNameRange     '3.18.5',
87 silly addNameRange     '3.18.6',
87 silly addNameRange     '4.10.6',
87 silly addNameRange     '4.10.7',
87 silly addNameRange     '3.19.0',
87 silly addNameRange     '4.10.8',
87 silly addNameRange     '4.11.0',
87 silly addNameRange     '3.19.1',
87 silly addNameRange     '4.11.1',
87 silly addNameRange     '3.19.2',
87 silly addNameRange     '4.11.2',
87 silly addNameRange     '3.20.0',
87 silly addNameRange     '4.12.0',
87 silly addNameRange     '3.20.1',
87 silly addNameRange     '4.12.1',
87 silly addNameRange     '4.12.2',
87 silly addNameRange     '3.20.2',
87 silly addNameRange     '4.12.3',
87 silly addNameRange     '3.20.3',
87 silly addNameRange     '4.12.4',
87 silly addNameRange     '3.21.0',
87 silly addNameRange     '4.13.0',
87 silly addNameRange     '3.21.1',
87 silly addNameRange     '4.13.1',
87 silly addNameRange     '5.0.0-alpha.2',
87 silly addNameRange     '3.21.2',
87 silly addNameRange     '4.13.2',
87 silly addNameRange     '4.13.3' ] ]
88 verbose addNamed [ 'express', '3.21.2' ]
89 verbose addNamed [ '3.21.2', '3.21.2' ]
90 silly lockFile 87768a7f-express-3-21-2 express@3.21.2
91 verbose lock express@3.21.2 /home/ubuntu/.npm/87768a7f-express-3-21-2.lock
92 silly lockFile 87768a7f-express-3-21-2 express@3.21.2
93 silly lockFile 87768a7f-express-3-21-2 express@3.21.2
94 silly lockFile 3a341b85-express-3-x express@3.x
95 silly lockFile 3a341b85-express-3-x express@3.x
96 error Error: version not found: mongodb@2.4.9
96 error     at /home/ubuntu/.nvm/v0.10.35/lib/node_modules/npm/lib/cache/add-named.js:125:12
96 error     at saved (/home/ubuntu/.nvm/v0.10.35/lib/node_modules/npm/node_modules/npm-registry-client/lib/get.js:167:7)
96 error     at Object.oncomplete (fs.js:108:15)
97 error If you need help, you may report this *entire* log,
97 error including the npm and node versions, at:
97 error     <http://github.com/npm/npm/issues>
98 error System Linux 3.14.13-c9
99 error command "/home/ubuntu/.nvm/v0.10.35/bin/node" "/home/ubuntu/.nvm/v0.10.35/bin/npm" "install"
100 error cwd /home/ubuntu/workspace
101 error node -v v0.10.35
102 error npm -v 1.4.28
103 verbose exit [ 1, true ]
